0 info it worked if it ends with ok
1 verbose cli [ 'F:\\thirdparty\\nodejs\\node.exe',
1 verbose cli   'F:\\thirdparty\\node_modules\\node_modules\\npm\\bin\\npm-cli.js',
1 verbose cli   'start' ]
2 info using npm@3.7.2
3 info using node@v5.6.0
4 verbose run-script [ 'prestart', 'start', 'poststart' ]
5 info lifecycle dragons@0.2.0~prestart: dragons@0.2.0
6 silly lifecycle dragons@0.2.0~prestart: no script for prestart, continuing
7 info lifecycle dragons@0.2.0~start: dragons@0.2.0
8 verbose lifecycle dragons@0.2.0~start: unsafe-perm in lifecycle true
9 verbose lifecycle dragons@0.2.0~start: PATH: F:\thirdparty\node_modules\node_modules\npm\bin\node-gyp-bin;F:\dragons\node_modules\.bin;F:\thirdparty\nodejs;F:\thirdparty\cmder\bin;F:\thirdparty\cmder\vendor\git-for-windows\bin;F:\thirdparty\cmder\vendor\git-for-windows\usr\bin;F:\thirdparty\cmder\vendor\git-for-windows\share\vim\vim74;F:\thirdparty\cmder\vendor\conemu-maximus5\ConEmu\Scripts;F:\thirdparty\cmder\vendor\conemu-maximus5;F:\thirdparty\cmder\vendor\conemu-maximus5\ConEmu;C:\Program Files\Haskell\bin;F:\thirdparty\HaskellPlatform\7.10.3\lib\extralibs\bin;F:\thirdparty\HaskellPlatform\7.10.3\bin;F:\thirdparty\python3.5.1\Scripts\;F:\thirdparty\python3.5.1\;C:\WINDOWS\system32;C:\WINDOWS;C:\WINDOWS\System32\Wbem;C:\WINDOWS\System32\WindowsPowerShell\v1.0\;C:\Program Files (x86)\ATI Technologies\ATI.ACE\Core-Static;C:\Program Files (x86)\Skype\Phone\;F:\thirdparty\nodejs\;F:\thirdparty\LLVM\bin;C:\WINDOWS\system32\config\systemprofile\.dnx\bin;C:\Program Files\Microsoft DNX\Dnvm\;C:\Program Files (x86)\Windows Kits\10\Windows Performance Toolkit\;F:\thirdparty\HaskellPlatform\7.10.3\mingw\bin;H:\GnuPG\pub;C:\Users\calin\AppData\Roaming\cabal\bin;F:\thirdparty\HaskellPlatform\7.10.3\bin;C:\Tcl\bin;F:\thirdparty\node_modules;F:\thirdparty\mingw\MinGW\bin;C:\Program Files\Haskell\bin;F:\thirdparty\HaskellPlatform\7.10.3\lib\extralibs\bin;F:\thirdparty\HaskellPlatform\7.10.3\bin;F:\thirdparty\python3.5.1\Scripts\;F:\thirdparty\python3.5.1\;C:\WINDOWS\system32;C:\WINDOWS;C:\WINDOWS\System32\Wbem;C:\WINDOWS\System32\WindowsPowerShell\v1.0\;C:\Program Files (x86)\ATI Technologies\ATI.ACE\Core-Static;C:\Program Files (x86)\Skype\Phone\;F:\thirdparty\nodejs\;F:\thirdparty\LLVM\bin;C:\WINDOWS\system32\config\systemprofile\.dnx\bin;C:\Program Files\Microsoft DNX\Dnvm\;C:\Program Files (x86)\Windows Kits\10\Windows Performance Toolkit\;F:\thirdparty\HaskellPlatform\7.10.3\mingw\bin;H:\GnuPG\pub;C:\thirdparty\Docker Toolbox;F:\thirdparty\cmder
10 verbose lifecycle dragons@0.2.0~start: CWD: F:\dragons
11 silly lifecycle dragons@0.2.0~start: Args: [ '/d /s /c', 'node --harmony ./build/server/server.es6' ]
12 silly lifecycle dragons@0.2.0~start: Returned: code: 1  signal: null
13 info lifecycle dragons@0.2.0~start: Failed to exec start script
14 verbose stack Error: dragons@0.2.0 start: `node --harmony ./build/server/server.es6`
14 verbose stack Exit status 1
14 verbose stack     at EventEmitter.<anonymous> (F:\thirdparty\node_modules\node_modules\npm\lib\utils\lifecycle.js:239:16)
14 verbose stack     at emitTwo (events.js:100:13)
14 verbose stack     at EventEmitter.emit (events.js:185:7)
14 verbose stack     at ChildProcess.<anonymous> (F:\thirdparty\node_modules\node_modules\npm\lib\utils\spawn.js:24:14)
14 verbose stack     at emitTwo (events.js:100:13)
14 verbose stack     at ChildProcess.emit (events.js:185:7)
14 verbose stack     at maybeClose (internal/child_process.js:827:16)
14 verbose stack     at Process.ChildProcess._handle.onexit (internal/child_process.js:211:5)
15 verbose pkgid dragons@0.2.0
16 verbose cwd F:\dragons
17 error Windows_NT 10.0.10586
18 error argv "F:\\thirdparty\\nodejs\\node.exe" "F:\\thirdparty\\node_modules\\node_modules\\npm\\bin\\npm-cli.js" "start"
19 error node v5.6.0
20 error npm  v3.7.2
21 error code ELIFECYCLE
22 error dragons@0.2.0 start: `node --harmony ./build/server/server.es6`
22 error Exit status 1
23 error Failed at the dragons@0.2.0 start script 'node --harmony ./build/server/server.es6'.
23 error Make sure you have the latest version of node.js and npm installed.
23 error If you do, this is most likely a problem with the dragons package,
23 error not with npm itself.
23 error Tell the author that this fails on your system:
23 error     node --harmony ./build/server/server.es6
23 error You can get information on how to open an issue for this project with:
23 error     npm bugs dragons
23 error Or if that isn't available, you can get their info via:
23 error     npm owner ls dragons
23 error There is likely additional logging output above.
24 verbose exit [ 1, true ]
